<?xml version="1.0" encoding="UTF-8"?>
<testng-results ignored="0" total="2" passed="2" failed="0" skipped="0">
  <reporter-output>
  </reporter-output>
  <suite started-at="2026-01-04T11:49:11 IST" name="Suite" finished-at="2026-01-04T11:49:11 IST" duration-ms="80">
    <groups>
    </groups>
    <test started-at="2026-01-04T11:49:11 IST" name="Test" finished-at="2026-01-04T11:49:11 IST" duration-ms="80">
      <class name="TestNgAnnotations">
        <test-method is-config="true" signature="setUpClass()[pri:0, instance:TestNgAnnotations@3eb738bb]" started-at="2026-01-04T11:49:11 IST" name="setUpClass" finished-at="2026-01-04T11:49:11 IST" duration-ms="11" status="PASS">
          <reporter-output>
          </reporter-output>
        </test-method> <!-- setUpClass -->
        <test-method is-config="true" signature="setUpMethod()[pri:0, instance:TestNgAnnotations@3eb738bb]" started-at="2026-01-04T11:49:11 IST" name="setUpMethod" finished-at="2026-01-04T11:49:11 IST" duration-ms="0" status="PASS">
          <reporter-output>
          </reporter-output>
        </test-method> <!-- setUpMethod -->
        <test-method signature="test1()[pri:0, instance:TestNgAnnotations@3eb738bb]" started-at="2026-01-04T11:49:11 IST" name="test1" finished-at="2026-01-04T11:49:11 IST" duration-ms="9" status="PASS">
          <reporter-output>
          </reporter-output>
        </test-method> <!-- test1 -->
        <test-method is-config="true" signature="tearDownMethod()[pri:0, instance:TestNgAnnotations@3eb738bb]" started-at="2026-01-04T11:49:11 IST" name="tearDownMethod" finished-at="2026-01-04T11:49:11 IST" duration-ms="1" status="PASS">
          <reporter-output>
          </reporter-output>
        </test-method> <!-- tearDownMethod -->
        <test-method is-config="true" signature="setUpMethod()[pri:0, instance:TestNgAnnotations@3eb738bb]" started-at="2026-01-04T11:49:11 IST" name="setUpMethod" finished-at="2026-01-04T11:49:11 IST" duration-ms="1" status="PASS">
          <reporter-output>
          </reporter-output>
        </test-method> <!-- setUpMethod -->
        <test-method signature="test2()[pri:0, instance:TestNgAnnotations@3eb738bb]" started-at="2026-01-04T11:49:11 IST" name="test2" finished-at="2026-01-04T11:49:11 IST" duration-ms="3" status="PASS">
          <reporter-output>
          </reporter-output>
        </test-method> <!-- test2 -->
        <test-method is-config="true" signature="tearDownMethod()[pri:0, instance:TestNgAnnotations@3eb738bb]" started-at="2026-01-04T11:49:11 IST" name="tearDownMethod" finished-at="2026-01-04T11:49:11 IST" duration-ms="1" status="PASS">
          <reporter-output>
          </reporter-output>
        </test-method> <!-- tearDownMethod -->
        <test-method is-config="true" signature="tearDownClass()[pri:0, instance:TestNgAnnotations@3eb738bb]" started-at="2026-01-04T11:49:11 IST" name="tearDownClass" finished-at="2026-01-04T11:49:11 IST" duration-ms="1" status="PASS">
          <reporter-output>
          </reporter-output>
        </test-method> <!-- tearDownClass -->
      </class> <!-- TestNgAnnotations -->
    </test> <!-- Test -->
  </suite> <!-- Suite -->
</testng-results>
